2020-11-24 11:47:47,593 - posarmctools.sbg.Logs - INFO - load gps
2020-11-24 11:47:49,014 - posarmctools.sbg.Logs - INFO - load utc
2020-11-24 11:48:03,725 - posarmctools.sbg.LogUtcData - INFO - start ... 0:7:38.060
2020-11-24 11:48:03,725 - posarmctools.sbg.LogUtcData - INFO - loop 0 ... 10:16:12.215
2020-11-24 11:48:03,727 - posarmctools.sbg.LogUtcData - INFO - stop ... 10:20:18.400
2020-11-24 11:48:03,727 - posarmctools.sbg.Logs - INFO - load eventB
2020-11-24 11:48:03,760 - posarmctools.sbg.Logs - INFO - load ekf
2020-11-24 11:48:40,916 - posarmctools.posar.Record - WARNING - RECORD 2020_06_25_11_57_59
2020-11-24 11:48:40,917 - posarmctools.posar.Record - INFO - /home/pleroy/DATA/PoSAR-X/PIMA-2/2020_06_25/OUT/2020_06_25_11_57_59 created successfully
2020-11-24 11:48:40,917 - posarmctools.posar.Record - INFO - rec_dir   *** /home/pleroy/DATA/PoSAR-X/PIMA-2/2020_06_25/2020_06_25_11_57_59
2020-11-24 11:48:40,917 - posarmctools.posar.Record - INFO - 57 records found in directory, start = record0.bin, stop = record112.bin
2020-11-24 11:48:40,918 - posarmctools.posar.Record - INFO - records are contiguous
2020-11-24 11:48:41,013 - posarmctools.posar.Record - INFO - /home/pleroy/DATA/PoSAR-X/PIMA-2/2020_06_25/2020_06_25_11_57_59/record0.bin
2020-11-24 11:48:41,013 - posarmctools.posar.Record - INFO - UTC access _____ 2020 11 23 13:35:15
2020-11-24 11:48:41,013 - posarmctools.posar.Record - INFO - UTC creation ___ 2020 6 26 7:1:17
2020-11-24 11:48:41,013 - posarmctools.posar.Record - INFO - UTC modification 2020 6 25 9:58:4 + 0.504
2020-11-24 11:48:41,014 - posarmctools.posar.Record - INFO - delta = 7194.496, estimated UTCShift = 2
2020-11-24 11:48:41,014 - posarmctools.posar.Record - INFO - delta between name and modification time = -5.504 s
2020-11-24 11:48:41,016 - posarmctools.posar.Timestamps - INFO - 2020_06_25_11_57_59 number of timestamps: 58
2020-11-24 11:48:41,017 - posarmctools.posar.Timestamps - WARNING - 2020_06_25_11_57_59 *** buffers are not contiguous
2020-11-24 11:48:41,017 - posarmctools.posar.Timestamps - WARNING - 2020_06_25_11_57_59 *** BUT bufferNumber[56] == 4294967295
2020-11-24 11:48:41,017 - posarmctools.posar.Timestamps - INFO - OK  timestamps are contiguous
2020-11-24 11:48:41,017 - posarmctools.posar.Timestamps - INFO - min 1000004.0 max 1000006.0 mean 1000005.140 std 0.511
2020-11-24 11:48:41,019 - posarmctools.posar.Record - WARNING - RECORD 2020_06_25_12_01_28
2020-11-24 11:48:41,019 - posarmctools.posar.Record - INFO - /home/pleroy/DATA/PoSAR-X/PIMA-2/2020_06_25/OUT/2020_06_25_12_01_28 created successfully
2020-11-24 11:48:41,019 - posarmctools.posar.Record - INFO - rec_dir   *** /home/pleroy/DATA/PoSAR-X/PIMA-2/2020_06_25/2020_06_25_12_01_28
2020-11-24 11:48:41,020 - posarmctools.posar.Record - INFO - 56 records found in directory, start = record0.bin, stop = record110.bin
2020-11-24 11:48:41,020 - posarmctools.posar.Record - INFO - records are contiguous
2020-11-24 11:48:41,104 - posarmctools.posar.Record - INFO - /home/pleroy/DATA/PoSAR-X/PIMA-2/2020_06_25/2020_06_25_12_01_28/record0.bin
2020-11-24 11:48:41,104 - posarmctools.posar.Record - INFO - UTC access _____ 2020 11 23 13:34:37
2020-11-24 11:48:41,104 - posarmctools.posar.Record - INFO - UTC creation ___ 2020 6 26 7:0:23
2020-11-24 11:48:41,104 - posarmctools.posar.Record - INFO - UTC modification 2020 6 25 10:1:32 + 0.960
2020-11-24 11:48:41,104 - posarmctools.posar.Record - INFO - delta = 7195.040, estimated UTCShift = 2
2020-11-24 11:48:41,104 - posarmctools.posar.Record - INFO - delta between name and modification time = -4.960 s
2020-11-24 11:48:41,107 - posarmctools.posar.Timestamps - INFO - 2020_06_25_12_01_28 number of timestamps: 56
2020-11-24 11:48:41,107 - posarmctools.posar.Timestamps - INFO - buffers are contiguous
2020-11-24 11:48:41,108 - posarmctools.posar.Timestamps - INFO - OK  timestamps are contiguous
2020-11-24 11:48:41,108 - posarmctools.posar.Timestamps - INFO - min 1000004.0 max 1000006.0 mean 1000005.145 std 0.401
2020-11-24 11:48:41,134 - posarmctools.posar.Record - INFO - 2020_06_25_12_01_28 number of added events 1
2020-11-24 11:48:41,135 - posarmctools.posar.Record - WARNING - RECORD 2020_06_25_12_04_34
2020-11-24 11:48:41,136 - posarmctools.posar.Record - INFO - /home/pleroy/DATA/PoSAR-X/PIMA-2/2020_06_25/OUT/2020_06_25_12_04_34 created successfully
2020-11-24 11:48:41,136 - posarmctools.posar.Record - INFO - rec_dir   *** /home/pleroy/DATA/PoSAR-X/PIMA-2/2020_06_25/2020_06_25_12_04_34
2020-11-24 11:48:41,136 - posarmctools.posar.Record - INFO - 36 records found in directory, start = record0.bin, stop = record70.bin
2020-11-24 11:48:41,136 - posarmctools.posar.Record - INFO - records are contiguous
2020-11-24 11:48:41,191 - posarmctools.posar.Record - INFO - /home/pleroy/DATA/PoSAR-X/PIMA-2/2020_06_25/2020_06_25_12_04_34/record0.bin
2020-11-24 11:48:41,191 - posarmctools.posar.Record - INFO - UTC access _____ 2020 11 23 13:34:12
2020-11-24 11:48:41,191 - posarmctools.posar.Record - INFO - UTC creation ___ 2020 6 26 6:59:49
2020-11-24 11:48:41,191 - posarmctools.posar.Record - INFO - UTC modification 2020 6 25 10:4:38 + 0.844
2020-11-24 11:48:41,192 - posarmctools.posar.Record - INFO - delta = 7195.156, estimated UTCShift = 2
2020-11-24 11:48:41,192 - posarmctools.posar.Record - INFO - delta between name and modification time = -4.844 s
2020-11-24 11:48:41,194 - posarmctools.posar.Timestamps - INFO - 2020_06_25_12_04_34 number of timestamps: 37
2020-11-24 11:48:41,195 - posarmctools.posar.Timestamps - WARNING - 2020_06_25_12_04_34 *** buffers are not contiguous
2020-11-24 11:48:41,195 - posarmctools.posar.Timestamps - WARNING - 2020_06_25_12_04_34 *** BUT bufferNumber[35] == 4294967295
2020-11-24 11:48:41,195 - posarmctools.posar.Timestamps - INFO - OK  timestamps are contiguous
2020-11-24 11:48:41,195 - posarmctools.posar.Timestamps - INFO - min 1000005.0 max 1000006.0 mean 1000005.167 std 0.373
2020-11-24 11:48:41,233 - posarmctools.posar.Record - WARNING - RECORD 2020_06_25_12_07_40
2020-11-24 11:48:41,234 - posarmctools.posar.Record - INFO - /home/pleroy/DATA/PoSAR-X/PIMA-2/2020_06_25/OUT/2020_06_25_12_07_40 created successfully
2020-11-24 11:48:41,234 - posarmctools.posar.Record - INFO - rec_dir   *** /home/pleroy/DATA/PoSAR-X/PIMA-2/2020_06_25/2020_06_25_12_07_40
2020-11-24 11:48:41,234 - posarmctools.posar.Record - INFO - 53 records found in directory, start = record0.bin, stop = record104.bin
2020-11-24 11:48:41,234 - posarmctools.posar.Record - INFO - records are contiguous
2020-11-24 11:48:41,313 - posarmctools.posar.Record - INFO - /home/pleroy/DATA/PoSAR-X/PIMA-2/2020_06_25/2020_06_25_12_07_40/record0.bin
2020-11-24 11:48:41,313 - posarmctools.posar.Record - INFO - UTC access _____ 2020 11 23 13:33:21
2020-11-24 11:48:41,313 - posarmctools.posar.Record - INFO - UTC creation ___ 2020 6 26 6:58:58
2020-11-24 11:48:41,313 - posarmctools.posar.Record - INFO - UTC modification 2020 6 25 10:7:47 + 0.332
2020-11-24 11:48:41,313 - posarmctools.posar.Record - INFO - delta = 7192.668, estimated UTCShift = 2
2020-11-24 11:48:41,313 - posarmctools.posar.Record - INFO - delta between name and modification time = -7.332 s
2020-11-24 11:48:41,316 - posarmctools.posar.Timestamps - INFO - 2020_06_25_12_07_40 number of timestamps: 53
2020-11-24 11:48:41,317 - posarmctools.posar.Timestamps - WARNING - 2020_06_25_12_07_40 *** buffers are not contiguous
2020-11-24 11:48:41,317 - posarmctools.posar.Timestamps - WARNING - 2020_06_25_12_07_40 *** BUT bufferNumber[51] == 4294967295
2020-11-24 11:48:41,317 - posarmctools.posar.Timestamps - INFO - OK  timestamps are contiguous
2020-11-24 11:48:41,317 - posarmctools.posar.Timestamps - INFO - min 1000004.0 max 1000006.0 mean 1000005.135 std 0.556
2020-11-24 11:48:41,329 - posarmctools.posar.Record - INFO - 2020_06_25_12_07_40 number of added events 1
2020-11-24 11:48:41,330 - posarmctools.posar.Record - WARNING - RECORD 2020_06_25_12_11_37
2020-11-24 11:48:41,331 - posarmctools.posar.Record - INFO - /home/pleroy/DATA/PoSAR-X/PIMA-2/2020_06_25/OUT/2020_06_25_12_11_37 created successfully
2020-11-24 11:48:41,331 - posarmctools.posar.Record - INFO - rec_dir   *** /home/pleroy/DATA/PoSAR-X/PIMA-2/2020_06_25/2020_06_25_12_11_37
2020-11-24 11:48:41,331 - posarmctools.posar.Record - INFO - 54 records found in directory, start = record0.bin, stop = record106.bin
2020-11-24 11:48:41,331 - posarmctools.posar.Record - INFO - records are contiguous
2020-11-24 11:48:41,414 - posarmctools.posar.Record - INFO - /home/pleroy/DATA/PoSAR-X/PIMA-2/2020_06_25/2020_06_25_12_11_37/record0.bin
2020-11-24 11:48:41,414 - posarmctools.posar.Record - INFO - UTC access _____ 2020 11 23 13:32:45
2020-11-24 11:48:41,414 - posarmctools.posar.Record - INFO - UTC creation ___ 2020 6 26 6:58:1
2020-11-24 11:48:41,414 - posarmctools.posar.Record - INFO - UTC modification 2020 6 25 10:11:44 + 0.141
2020-11-24 11:48:41,414 - posarmctools.posar.Record - INFO - delta = 7192.859, estimated UTCShift = 2
2020-11-24 11:48:41,414 - posarmctools.posar.Record - INFO - delta between name and modification time = -7.141 s
2020-11-24 11:48:41,431 - posarmctools.posar.Timestamps - INFO - 2020_06_25_12_11_37 number of timestamps: 54
2020-11-24 11:48:41,432 - posarmctools.posar.Timestamps - INFO - buffers are contiguous
2020-11-24 11:48:41,432 - posarmctools.posar.Timestamps - INFO - OK  timestamps are contiguous
2020-11-24 11:48:41,432 - posarmctools.posar.Timestamps - INFO - min 1000004.0 max 1000006.0 mean 1000005.132 std 0.477
2020-11-24 11:48:41,448 - posarmctools.posar.Record - INFO - 2020_06_25_12_11_37 number of added events 1
